<?xml version="1.0" encoding="UTF-8"?>
<!-- Generated by org.testng.reporters.JUnitReportReporter -->
<testsuite skipped="0" hostname="BLT1209" name="gradledemo.basictest" tests="1" failures="0" timestamp="2020-02-19T23:31:39 IST" time="9.129" errors="0">
  <testcase name="key" time="9.129" classname="gradledemo.basictest"/>
  <system-out/>
</testsuite> <!-- gradledemo.basictest -->
